Running on  Darwin
Starting Red5
Red5 root: /Users/mbk836/Workspace/avalon/red5
Configuation root: /Users/mbk836/Workspace/avalon/red5/conf
Red5 server jar was found
URL list: [file:/Users/mbk836/Workspace/avalon/red5/red5-server-1.0.jar]
Selected libraries: (54 items)
file:/Users/mbk836/Workspace/avalon/red5/red5-server-1.0.jar
file:/Users/mbk836/Workspace/avalon/red5/lib/bcprov-jdk15on-1.47.jar
file:/Users/mbk836/Workspace/avalon/red5/lib/com.springsource.javax.xml.stream-1.0.1.jar
file:/Users/mbk836/Workspace/avalon/red5/lib/com.springsource.net.sf.cglib-2.2.0.jar
file:/Users/mbk836/Workspace/avalon/red5/lib/com.springsource.org.antlr-3.1.3.jar
file:/Users/mbk836/Workspace/avalon/red5/lib/com.springsource.org.aopalliance-1.0.0.jar
file:/Users/mbk836/Workspace/avalon/red5/lib/com.springsource.org.apache.xerces-2.9.1.jar
file:/Users/mbk836/Workspace/avalon/red5/lib/com.springsource.org.codehaus.groovy-1.7.0.jar
file:/Users/mbk836/Workspace/avalon/red5/lib/com.springsource.org.mozilla.javascript-1.7.0.R2.jar
file:/Users/mbk836/Workspace/avalon/red5/lib/com.springsource.org.objectweb.asm-3.2.0.jar
file:/Users/mbk836/Workspace/avalon/red5/lib/com.springsource.org.objectweb.asm.commons-3.2.0.jar
file:/Users/mbk836/Workspace/avalon/red5/lib/commons-beanutils-1.8.3.jar
file:/Users/mbk836/Workspace/avalon/red5/lib/commons-codec-1.6.jar
file:/Users/mbk836/Workspace/avalon/red5/lib/commons-collections-3.2.1.jar
file:/Users/mbk836/Workspace/avalon/red5/lib/commons-lang3-3.1.jar
file:/Users/mbk836/Workspace/avalon/red5/lib/commons-modeler-2.0.1.jar
file:/Users/mbk836/Workspace/avalon/red5/lib/commons-pool-1.5.6.jar
file:/Users/mbk836/Workspace/avalon/red5/lib/ehcache-core-2.5.0.jar
file:/Users/mbk836/Workspace/avalon/red5/lib/httpclient-4.2.jar
file:/Users/mbk836/Workspace/avalon/red5/lib/httpcore-4.2.1.jar
file:/Users/mbk836/Workspace/avalon/red5/lib/jaudiotagger-2.0.4-SNAPSHOT.jar
file:/Users/mbk836/Workspace/avalon/red5/lib/javaee-api-5.1.2.jar
file:/Users/mbk836/Workspace/avalon/red5/lib/jcl-over-slf4j-1.6.6.jar
file:/Users/mbk836/Workspace/avalon/red5/lib/jruby-1.6.7.2.jar
file:/Users/mbk836/Workspace/avalon/red5/lib/jul-to-slf4j-1.6.6.jar
file:/Users/mbk836/Workspace/avalon/red5/lib/jython-standalone-2.5.2.jar
file:/Users/mbk836/Workspace/avalon/red5/lib/log4j-over-slf4j-1.6.6.jar
file:/Users/mbk836/Workspace/avalon/red5/lib/logback-classic-1.0.3.jar
file:/Users/mbk836/Workspace/avalon/red5/lib/logback-core-1.0.3.jar
file:/Users/mbk836/Workspace/avalon/red5/lib/mina-core-2.0.7.jar
file:/Users/mbk836/Workspace/avalon/red5/lib/mina-integration-beans-2.0.7.jar
file:/Users/mbk836/Workspace/avalon/red5/lib/mina-integration-jmx-2.0.7.jar
file:/Users/mbk836/Workspace/avalon/red5/lib/quartz-1.8.5.jar
file:/Users/mbk836/Workspace/avalon/red5/lib/red5-client-1.0.jar
file:/Users/mbk836/Workspace/avalon/red5/lib/slf4j-api-1.6.6.jar
file:/Users/mbk836/Workspace/avalon/red5/lib/spring-aop-3.1.1.RELEASE.jar
file:/Users/mbk836/Workspace/avalon/red5/lib/spring-asm-3.1.1.RELEASE.jar
file:/Users/mbk836/Workspace/avalon/red5/lib/spring-beans-3.1.1.RELEASE.jar
file:/Users/mbk836/Workspace/avalon/red5/lib/spring-context-3.1.1.RELEASE.jar
file:/Users/mbk836/Workspace/avalon/red5/lib/spring-context-support-3.1.1.RELEASE.jar
file:/Users/mbk836/Workspace/avalon/red5/lib/spring-core-3.1.1.RELEASE.jar
file:/Users/mbk836/Workspace/avalon/red5/lib/spring-expression-3.1.1.RELEASE.jar
file:/Users/mbk836/Workspace/avalon/red5/lib/spring-web-3.1.1.RELEASE.jar
file:/Users/mbk836/Workspace/avalon/red5/lib/sysout-over-slf4j-1.0.2.jar
file:/Users/mbk836/Workspace/avalon/red5/lib/xmlrpc-2.0.1.jar
file:/Users/mbk836/Workspace/avalon/red5/conf/
file:/Users/mbk836/Workspace/avalon/red5/plugins/
file:/Users/mbk836/Workspace/avalon/red5/plugins/catalina-6.0.36.jar
file:/Users/mbk836/Workspace/avalon/red5/plugins/ecj-3.7.2.jar
file:/Users/mbk836/Workspace/avalon/red5/plugins/jasper-6.0.36.jar
file:/Users/mbk836/Workspace/avalon/red5/plugins/jasper-el-6.0.36.jar
file:/Users/mbk836/Workspace/avalon/red5/plugins/tomcat-coyote-6.0.36.jar
file:/Users/mbk836/Workspace/avalon/red5/plugins/tomcat-juli-slf4j-1.5.0.jar
file:/Users/mbk836/Workspace/avalon/red5/plugins/tomcatplugin-1.3.jar

Root: /Users/mbk836/Workspace/avalon/red5
Deploy type: bootstrap
Logback selector: org.red5.logging.LoggingContextSelector
23:33:46,419 |-INFO in ch.qos.logback.classic.LoggerContext[default] - Could NOT find resource [logback.groovy]
23:33:46,420 |-INFO in ch.qos.logback.classic.LoggerContext[default] - Could NOT find resource [logback-test.xml]
23:33:46,420 |-INFO in ch.qos.logback.classic.LoggerContext[default] - Found resource [logback.xml] at [file:/Users/mbk836/Workspace/red5-server-1.0/conf/logback.xml]
23:33:46,422 |-WARN in ch.qos.logback.classic.LoggerContext[default] - Resource [logback.xml] occurs multiple times on the classpath.
23:33:46,422 |-WARN in ch.qos.logback.classic.LoggerContext[default] - Resource [logback.xml] occurs at [file:/Users/mbk836/Workspace/red5-server-1.0/conf/logback.xml]
23:33:46,422 |-WARN in ch.qos.logback.classic.LoggerContext[default] - Resource [logback.xml] occurs at [file:/Users/mbk836/Workspace/avalon/red5/conf/logback.xml]
23:33:46,609 |-INFO in ch.qos.logback.classic.joran.action.ConfigurationAction - debug attribute not set
23:33:46,778 |-INFO in ch.qos.logback.core.joran.action.AppenderAction - About to instantiate appender of type [ch.qos.logback.core.ConsoleAppender]
23:33:46,782 |-INFO in ch.qos.logback.core.joran.action.AppenderAction - Naming appender as [CONSOLE]
23:33:46,811 |-INFO in ch.qos.logback.core.joran.action.NestedComplexPropertyIA - Assuming default type [ch.qos.logback.classic.encoder.PatternLayoutEncoder] for [encoder] property
23:33:46,846 |-INFO in ch.qos.logback.core.joran.action.AppenderAction - About to instantiate appender of type [ch.qos.logback.core.FileAppender]
23:33:46,848 |-INFO in ch.qos.logback.core.joran.action.AppenderAction - Naming appender as [FILE]
23:33:46,853 |-INFO in ch.qos.logback.core.joran.action.NestedComplexPropertyIA - Assuming default type [ch.qos.logback.classic.encoder.PatternLayoutEncoder] for [encoder] property
23:33:46,872 |-INFO in ch.qos.logback.core.FileAppender[FILE] - File property is set to [log/red5.log]
23:33:46,873 |-INFO in ch.qos.logback.classic.joran.action.LevelAction - ROOT level set to INFO
23:33:46,873 |-INFO in ch.qos.logback.core.joran.action.AppenderRefAction - Attaching appender named [CONSOLE] to Logger[ROOT]
23:33:46,874 |-INFO in ch.qos.logback.core.joran.action.AppenderRefAction - Attaching appender named [FILE] to Logger[ROOT]
23:33:46,874 |-INFO in ch.qos.logback.classic.joran.action.LevelAction - org.springframework level set to INFO
23:33:46,874 |-INFO in ch.qos.logback.classic.joran.action.LevelAction - org.apache level set to INFO
23:33:46,874 |-INFO in ch.qos.logback.classic.joran.action.LevelAction - ch.qos level set to WARN
23:33:46,874 |-INFO in ch.qos.logback.classic.joran.action.ConfigurationAction - End of configuration.
23:33:46,875 |-INFO in ch.qos.logback.classic.joran.JoranConfigurator@1e831d11 - Registering current configuration as safe fallback point

Setting default logging context: default
[INFO] [main] org.red5.server.Launcher - Red5 Server 1.0.1 $Rev: 4450 $ (http://code.google.com/p/red5/)
Red5 Server 1.0.1 $Rev: 4450 $ (http://code.google.com/p/red5/)
SLF4J: Class path contains multiple SLF4J bindings.
SLF4J: Found binding in [jar:file:/Users/mbk836/Workspace/avalon/red5/red5-server-1.0.jar!/org/slf4j/impl/StaticLoggerBinder.class]
SLF4J: Found binding in [jar:file:/Users/mbk836/Workspace/avalon/red5/lib/logback-classic-1.0.3.jar!/org/slf4j/impl/StaticLoggerBinder.class]
SLF4J: See http://www.slf4j.org/codes.html#multiple_bindings for an explanation.
SLF4J: Actual binding is of type [org.red5.logging.LoggingContextSelector]
[INFO] [main] org.springframework.context.support.FileSystemXmlApplicationContext - Refreshing org.springframework.context.support.FileSystemXmlApplicationContext@38d24866: startup date [Tue Jan 29 23:33:46 CST 2013]; root of context hierarchy
[INFO] [main] org.springframework.beans.factory.xml.XmlBeanDefinitionReader - Loading XML bean definitions from class path resource [red5.xml]
[INFO] [main] org.springframework.beans.factory.xml.XmlBeanDefinitionReader - Loading XML bean definitions from class path resource [jee-container.xml]
[INFO] [main] org.springframework.beans.factory.config.PropertyPlaceholderConfigurer - Loading properties file from class path resource [red5.properties]
[INFO] [main] org.springframework.beans.factory.support.DefaultListableBeanFactory - Pre-instantiating singletons in org.springframework.beans.factory.support.DefaultListableBeanFactory@503b7e8: defining beans [placeholderConfig,red5.common,red5.core,context.loader,pluginLauncher,tomcat.server]; root of factory hierarchy
[INFO] [main] org.springframework.context.support.FileSystemXmlApplicationContext - Refreshing org.springframework.context.support.FileSystemXmlApplicationContext@20a4fc7: startup date [Tue Jan 29 23:33:47 CST 2013]; root of context hierarchy
[INFO] [main] org.springframework.beans.factory.xml.XmlBeanDefinitionReader - Loading XML bean definitions from class path resource [red5-common.xml]
[INFO] [main] org.springframework.beans.factory.config.PropertyPlaceholderConfigurer - Loading properties file from class path resource [red5.properties]
[INFO] [main] org.springframework.beans.factory.support.DefaultListableBeanFactory - Pre-instantiating singletons in org.springframework.beans.factory.support.DefaultListableBeanFactory@30457b62: defining beans [placeholderConfig,red5.server,rmiRegistry,mbeanServer,org.springframework.jmx.support.ConnectorServerFactoryBean#0,mbeanExporter,serializer,deserializer,minaEncoder,minaDecoder,statusObjectService,rtmpCodecFactory,rtmptCodecFactory,remotingCodecFactory,streamableFileFactory,filePersistenceThread,sharedObjectService,streamService,providerService,consumerService,schedulingService,warDeployService,remotingClient,object.cache,keyframe.cache,flv.impl,flvreader.impl,mp4reader.impl,mp3reader.impl,org.springframework.beans.factory.config.MethodInvokingFactoryBean#0,org.springframework.beans.factory.config.MethodInvokingFactoryBean#1,streamExecutor,fileConsumer,playlistSubscriberStream,clientBroadcastStream]; root of factory hierarchy
[INFO] [main] org.springframework.remoting.rmi.RmiRegistryFactoryBean - Creating new RMI registry
[INFO] [main] org.springframework.jmx.support.ConnectorServerFactoryBean - JMX connector server started: javax.management.remote.rmi.RMIConnectorServer@23060c96
[INFO] [main] org.springframework.jmx.export.annotation.AnnotationMBeanExporter - Registering beans for JMX exposure on startup
[INFO] [main] org.springframework.jmx.export.annotation.AnnotationMBeanExporter - Bean with name 'org.springframework.jmx.support.ConnectorServerFactoryBean#0' has been autodetected for JMX exposure
[INFO] [main] org.quartz.core.SchedulerSignalerImpl - Initialized Scheduler Signaller of type: class org.quartz.core.SchedulerSignalerImpl
[INFO] [main] org.quartz.core.QuartzScheduler - Quartz Scheduler v.1.8.5 created.
[INFO] [main] org.quartz.simpl.RAMJobStore - RAMJobStore initialized.
[INFO] [main] org.quartz.core.QuartzScheduler - Scheduler meta-data: Quartz Scheduler (v1.8.5) 'Red5_Scheduler' with instanceId 'mklein-mac.local1359524027821'
  Scheduler class: 'org.quartz.core.QuartzScheduler' - running locally.
  NOT STARTED.
  Currently in standby mode.
  Number of jobs executed: 0
  Using thread pool 'org.quartz.simpl.SimpleThreadPool' - with 4 threads.
  Using job-store 'org.quartz.simpl.RAMJobStore' - which does not support persistence. and is not clustered.

[INFO] [main] org.quartz.impl.StdSchedulerFactory - Quartz scheduler 'Red5_Scheduler' initialized from default resource file in Quartz package: 'quartz.properties'
[INFO] [main] org.quartz.impl.StdSchedulerFactory - Quartz scheduler version: 1.8.5
[INFO] [main] org.quartz.core.QuartzScheduler - Scheduler Red5_Scheduler_$_mklein-mac.local1359524027821 started.
[INFO] [main] org.springframework.jmx.export.annotation.AnnotationMBeanExporter - Bean with name 'schedulingService' has been autodetected for JMX exposure
[INFO] [main] org.springframework.jmx.export.annotation.AnnotationMBeanExporter - Bean with name 'clientBroadcastStream' has been autodetected for JMX exposure
[INFO] [main] org.springframework.jmx.export.annotation.AnnotationMBeanExporter - Located MBean 'org.springframework.jmx.support.ConnectorServerFactoryBean#0': registering with JMX server as MBean [org.red5.server:name=org.springframework.jmx.support.ConnectorServerFactoryBean#0,type=RMIConnectorServer]
[INFO] [main] org.springframework.jmx.export.annotation.AnnotationMBeanExporter - Located MBean 'schedulingService': registering with JMX server as MBean [org.red5.server:name=schedulingService,type=QuartzSchedulingService]
[INFO] [main] org.red5.server.service.WarDeployer - War deployer service created
[INFO] [main] org.springframework.context.support.FileSystemXmlApplicationContext - Refreshing org.springframework.context.support.FileSystemXmlApplicationContext@411e4abe: startup date [Tue Jan 29 23:33:48 CST 2013]; parent: ApplicationContext 'red5.common'
[INFO] [main] org.springframework.beans.factory.xml.XmlBeanDefinitionReader - Loading XML bean definitions from class path resource [red5-core.xml]
[INFO] [main] org.springframework.beans.factory.config.PropertyPlaceholderConfigurer - Loading properties file from class path resource [red5.properties]
[INFO] [main] org.springframework.beans.factory.support.DefaultListableBeanFactory - Pre-instantiating singletons in org.springframework.beans.factory.support.DefaultListableBeanFactory@69f2e105: defining beans [customEditorConfigurer,placeholderConfig,rtmpMinaConnManager,rtmpHandler,rtmpMinaIoHandler,rtmpTransport,rtmpMinaConnection,rtmptConnManager,rtmptHandler,rtmptServlet,rtmptConnection]; parent: org.springframework.beans.factory.support.DefaultListableBeanFactory@30457b62
[INFO] [main] org.red5.server.net.rtmp.RTMPMinaTransport - RTMP Mina Transport bound to /0.0.0.0:1935
[INFO] [main] org.red5.server.net.rtmp.RTMPMinaTransport - RTMP Mina Transport Settings
[INFO] [main] org.red5.server.net.rtmp.RTMPMinaTransport - I/O Threads: 16
[INFO] [main] org.red5.server.net.rtmp.RTMPMinaTransport - TCP No Delay: true
[INFO] [main] org.red5.server.net.rtmp.RTMPMinaTransport - Settings - send buffer size: 65536 recv buffer size: 65536 so linger: -1 traffic class: 24
[INFO] [main] org.red5.server.ContextLoader - ContextLoader init
[INFO] [main] org.red5.server.ContextLoader - Loading: default.context = ${red5.root}/webapps/red5-default.xml => /Users/mbk836/Workspace/avalon/red5/webapps/red5-default.xml
[INFO] [main] org.springframework.context.support.FileSystemXmlApplicationContext - Refreshing org.springframework.context.support.FileSystemXmlApplicationContext@951cfdd: startup date [Tue Jan 29 23:33:48 CST 2013]; parent: ApplicationContext 'red5.common'
[INFO] [main] org.springframework.beans.factory.xml.XmlBeanDefinitionReader - Loading XML bean definitions from URL [file:/Users/mbk836/Workspace/avalon/red5/webapps/red5-default.xml]
[INFO] [main] org.springframework.beans.factory.support.DefaultListableBeanFactory - Pre-instantiating singletons in org.springframework.beans.factory.support.DefaultListableBeanFactory@6759a771: defining beans [global.clientRegistry,global.serviceInvoker,global.mappingStrategy,global.context,global.handler,global.scope,red5.scopeResolver]; parent: org.springframework.beans.factory.support.DefaultListableBeanFactory@30457b62
[INFO] [main] org.red5.server.Context - Setting parent bean factory as core
[INFO] [main] org.red5.server.tomcat.TomcatLoader - Setting connector: org.apache.catalina.connector.Connector
[INFO] [main] org.red5.server.tomcat.TomcatLoader - Address to bind: /0.0.0.0:5080
[INFO] [main] org.red5.server.tomcat.TomcatLoader - Loading tomcat context
[INFO] [main] org.red5.server.tomcat.TomcatLoader - Server root: /Users/mbk836/Workspace/avalon/red5
[INFO] [main] org.red5.server.tomcat.TomcatLoader - Config root: /Users/mbk836/Workspace/avalon/red5/conf
[INFO] [main] org.red5.server.tomcat.TomcatLoader - Application root: /Users/mbk836/Workspace/avalon/red5/webapps
[INFO] [main] org.red5.server.tomcat.TomcatLoader - Starting Tomcat servlet engine
[INFO] [main] org.apache.catalina.startup.Embedded - Starting tomcat server
[INFO] [main] org.apache.catalina.core.StandardEngine - Starting Servlet Engine: Apache Tomcat/6.0.36
[INFO] [main] org.apache.catalina.realm.JAASRealm - Set JAAS app name red5Engine
Context init...
Logger name for context: oflaDemo
Context logger config file: logback-oflaDemo.xml
Adding logger context: oflaDemo to map for context: oflaDemo
[INFO] [NioProcessor-2] org.red5.server.net.rtmp.codec.RTMPProtocolDecoder - Action connect
[INFO] [NioProcessor-2] org.red5.server.net.rtmp.RTMPConnection - Setting object encoding to AMF3
[INFO] [NioProcessor-2] org.red5.server.net.rtmp.RTMPHandler - No application scope found for avalon on host localhost
Context init...
Logger name for context: admin
Context logger config file: logback-admin.xml
Adding logger context: admin to map for context: admin
[INFO] [main] org.apache.tomcat.util.net.NioSelectorPool - Using a shared selector for servlet write/read
[INFO] [main] org.apache.coyote.http11.Http11NioProtocol - Initializing Coyote HTTP/1.1 on http-0.0.0.0-5080
[INFO] [main] org.apache.coyote.http11.Http11NioProtocol - Starting Coyote HTTP/1.1 on http-0.0.0.0-5080
[INFO] [main] org.red5.server.tomcat.TomcatLoader - Dedicated RTMPT server configuration was not specified
Bootstrap complete
[INFO] [Launcher:/oflaDemo] org.springframework.web.context.support.XmlWebApplicationContext - Refreshing Root WebApplicationContext: startup date [Tue Jan 29 23:33:50 CST 2013]; parent: org.springframework.context.support.FileSystemXmlApplicationContext@951cfdd
[INFO] [Launcher:/] org.springframework.web.context.support.XmlWebApplicationContext - Refreshing Root WebApplicationContext: startup date [Tue Jan 29 23:33:50 CST 2013]; parent: org.springframework.context.support.FileSystemXmlApplicationContext@951cfdd
[INFO] [Launcher:/installer] org.springframework.web.context.support.XmlWebApplicationContext - Refreshing Root WebApplicationContext: startup date [Tue Jan 29 23:33:50 CST 2013]; parent: org.springframework.context.support.FileSystemXmlApplicationContext@951cfdd
[INFO] [Launcher:/avalon] org.springframework.web.context.support.XmlWebApplicationContext - Refreshing Root WebApplicationContext: startup date [Tue Jan 29 23:33:50 CST 2013]; parent: org.springframework.context.support.FileSystemXmlApplicationContext@951cfdd
[INFO] [Launcher:/live] org.springframework.web.context.support.XmlWebApplicationContext - Refreshing Root WebApplicationContext: startup date [Tue Jan 29 23:33:50 CST 2013]; parent: org.springframework.context.support.FileSystemXmlApplicationContext@951cfdd
[INFO] [Launcher:/admin] org.springframework.web.context.support.XmlWebApplicationContext - Refreshing Root WebApplicationContext: startup date [Tue Jan 29 23:33:50 CST 2013]; parent: org.springframework.context.support.FileSystemXmlApplicationContext@951cfdd
[INFO] [Launcher:/vod] org.springframework.web.context.support.XmlWebApplicationContext - Refreshing Root WebApplicationContext: startup date [Tue Jan 29 23:33:50 CST 2013]; parent: org.springframework.context.support.FileSystemXmlApplicationContext@951cfdd
[INFO] [Launcher:/vod] org.springframework.beans.factory.xml.XmlBeanDefinitionReader - Loading XML bean definitions from ServletContext resource [/WEB-INF/red5-web.xml]
[INFO] [Launcher:/installer] org.springframework.beans.factory.xml.XmlBeanDefinitionReader - Loading XML bean definitions from ServletContext resource [/WEB-INF/red5-web.xml]
[INFO] [Launcher:/admin] org.springframework.beans.factory.xml.XmlBeanDefinitionReader - Loading XML bean definitions from ServletContext resource [/WEB-INF/red5-security.xml]
[INFO] [Launcher:/live] org.springframework.beans.factory.xml.XmlBeanDefinitionReader - Loading XML bean definitions from ServletContext resource [/WEB-INF/red5-web.xml]
[INFO] [Launcher:/] org.springframework.beans.factory.xml.XmlBeanDefinitionReader - Loading XML bean definitions from ServletContext resource [/WEB-INF/red5-web.xml]
[INFO] [Launcher:/oflaDemo] org.springframework.beans.factory.xml.XmlBeanDefinitionReader - Loading XML bean definitions from ServletContext resource [/WEB-INF/red5-web.xml]
[INFO] [Launcher:/avalon] org.springframework.beans.factory.xml.XmlBeanDefinitionReader - Loading XML bean definitions from ServletContext resource [/WEB-INF/red5-web.xml]
[INFO] [Launcher:/admin] org.springframework.beans.factory.xml.XmlBeanDefinitionReader - Loading XML bean definitions from ServletContext resource [/WEB-INF/red5-web.xml]
[INFO] [Launcher:/avalon] org.springframework.beans.factory.config.PropertyPlaceholderConfigurer - Loading properties file from ServletContext resource [/WEB-INF/red5-web.properties]
[INFO] [Launcher:/live] org.springframework.beans.factory.config.PropertyPlaceholderConfigurer - Loading properties file from ServletContext resource [/WEB-INF/red5-web.properties]
[INFO] [Launcher:/vod] org.springframework.beans.factory.config.PropertyPlaceholderConfigurer - Loading properties file from ServletContext resource [/WEB-INF/red5-web.properties]
[INFO] [Launcher:/oflaDemo] org.springframework.beans.factory.config.PropertyPlaceholderConfigurer - Loading properties file from ServletContext resource [/WEB-INF/red5-web.properties]
[INFO] [Launcher:/] org.springframework.beans.factory.config.PropertyPlaceholderConfigurer - Loading properties file from ServletContext resource [/WEB-INF/red5-web.properties]
[INFO] [Launcher:/installer] org.springframework.beans.factory.config.PropertyPlaceholderConfigurer - Loading properties file from ServletContext resource [/WEB-INF/red5-web.properties]
[INFO] [Launcher:/avalon] org.springframework.beans.factory.support.DefaultListableBeanFactory - Pre-instantiating singletons in org.springframework.beans.factory.support.DefaultListableBeanFactory@6638d668: defining beans [placeholderConfig,web.context,web.scope,web.handler,streamFilenameGenerator]; parent: org.springframework.beans.factory.support.DefaultListableBeanFactory@6759a771
[INFO] [Launcher:/installer] org.springframework.beans.factory.support.DefaultListableBeanFactory - Pre-instantiating singletons in org.springframework.beans.factory.support.DefaultListableBeanFactory@4b5ce9c4: defining beans [placeholderConfig,web.context,web.scope,web.handler,installer.service]; parent: org.springframework.beans.factory.support.DefaultListableBeanFactory@6759a771
[INFO] [Launcher:/avalon] org.red5.server.Context - Setting parent bean factory as core
[INFO] [Launcher:/oflaDemo] org.springframework.beans.factory.support.DefaultListableBeanFactory - Pre-instantiating singletons in org.springframework.beans.factory.support.DefaultListableBeanFactory@3f960425: defining beans [placeholderConfig,web.context,web.scope,web.handler,demoService.service]; parent: org.springframework.beans.factory.support.DefaultListableBeanFactory@6759a771
[INFO] [Launcher:/installer] org.red5.server.Context - Setting parent bean factory as core
[INFO] [Launcher:/vod] org.springframework.beans.factory.support.DefaultListableBeanFactory - Pre-instantiating singletons in org.springframework.beans.factory.support.DefaultListableBeanFactory@2a031dfb: defining beans [placeholderConfig,web.context,web.scope,web.handler]; parent: org.springframework.beans.factory.support.DefaultListableBeanFactory@6759a771
[INFO] [Launcher:/live] org.springframework.beans.factory.support.DefaultListableBeanFactory - Pre-instantiating singletons in org.springframework.beans.factory.support.DefaultListableBeanFactory@159a11dd: defining beans [placeholderConfig,web.context,web.scope,web.handler]; parent: org.springframework.beans.factory.support.DefaultListableBeanFactory@6759a771
[INFO] [Launcher:/oflaDemo] org.red5.server.Context - Setting parent bean factory as core
[INFO] [Launcher:/vod] org.red5.server.Context - Setting parent bean factory as core
[INFO] [Launcher:/] org.springframework.beans.factory.support.DefaultListableBeanFactory - Pre-instantiating singletons in org.springframework.beans.factory.support.DefaultListableBeanFactory@7fac4cd0: defining beans [placeholderConfig,web.context,web.scope]; parent: org.springframework.beans.factory.support.DefaultListableBeanFactory@6759a771
[INFO] [Launcher:/] org.red5.server.Context - Setting parent bean factory as core
[INFO] [Launcher:/live] org.red5.server.Context - Setting parent bean factory as core
[INFO] [Launcher:/avalon] org.red5.server.scope.WebScope - Set server [Server@2f5a7da4map[[empty]]]
[INFO] [Launcher:/admin] org.springframework.beans.factory.config.PropertyPlaceholderConfigurer - Loading properties file from ServletContext resource [/WEB-INF/red5-web.properties]
[INFO] [Launcher:/admin] org.springframework.beans.factory.support.DefaultListableBeanFactory - Pre-instantiating singletons in org.springframework.beans.factory.support.DefaultListableBeanFactory@3d03811f: defining beans [userDetailsService,daoAuthenticationProvider,authenticationManager,userDatabase,dataSource,placeholderConfig,web.context,web.scope,web.handler]; parent: org.springframework.beans.factory.support.DefaultListableBeanFactory@6759a771
[INFO] [Launcher:/avalon] org.red5.server.Server - Add mapping global: default host:  context: avalon
[INFO] [Launcher:/live] org.red5.server.scope.WebScope - Set server [Server@2f5a7da4map['/avalon' -> 'default']]
[INFO] [Launcher:/live] org.red5.server.Server - Add mapping global: default host:  context: live
[INFO] [Launcher:/avalon] org.springframework.beans.factory.support.DefaultListableBeanFactory - Destroying singletons in org.springframework.beans.factory.support.DefaultListableBeanFactory@6638d668: defining beans [placeholderConfig,web.context,web.scope,web.handler,streamFilenameGenerator]; parent: org.springframework.beans.factory.support.DefaultListableBeanFactory@6759a771
Exception in thread "Launcher:/avalon" org.springframework.beans.factory.BeanCreationException: Error creating bean with name 'streamFilenameGenerator' defined in ServletContext resource [/WEB-INF/red5-web.xml]: Error setting property values; nested exception is org.springframework.beans.NotWritablePropertyException: Invalid property 'avalonUrl' of bean class [org.avalonmediasystem.red5.AvalonFilenameGenerator]: Bean property 'avalonUrl' is not writable or has an invalid setter method. Does the parameter type of the setter match the return type of the getter?
	at org.springframework.beans.factory.support.AbstractAutowireCapableBeanFactory.applyPropertyValues(AbstractAutowireCapableBeanFactory.java:1396)
	at org.springframework.beans.factory.support.AbstractAutowireCapableBeanFactory.populateBean(AbstractAutowireCapableBeanFactory.java:1118)
	at org.springframework.beans.factory.support.AbstractAutowireCapableBeanFactory.doCreateBean(AbstractAutowireCapableBeanFactory.java:517)
	at org.springframework.beans.factory.support.AbstractAutowireCapableBeanFactory.createBean(AbstractAutowireCapableBeanFactory.java:456)
	at org.springframework.beans.factory.support.AbstractBeanFactory$1.getObject(AbstractBeanFactory.java:294)
	at org.springframework.beans.factory.support.DefaultSingletonBeanRegistry.getSingleton(DefaultSingletonBeanRegistry.java:225)
	at org.springframework.beans.factory.support.AbstractBeanFactory.doGetBean(AbstractBeanFactory.java:291)
	at org.springframework.beans.factory.support.AbstractBeanFactory.getBean(AbstractBeanFactory.java:193)
	at org.springframework.beans.factory.support.DefaultListableBeanFactory.preInstantiateSingletons(DefaultListableBeanFactory.java:585)
	at org.springframework.context.support.AbstractApplicationContext.finishBeanFactoryInitialization(AbstractApplicationContext.java:913)
	at org.springframework.context.support.AbstractApplicationContext.refresh(AbstractApplicationContext.java:464)
	at org.red5.server.tomcat.TomcatLoader$1.run(TomcatLoader.java:593)
Caused by: org.springframework.beans.NotWritablePropertyException: Invalid property 'avalonUrl' of bean class [org.avalonmediasystem.red5.AvalonFilenameGenerator]: Bean property 'avalonUrl' is not writable or has an invalid setter method. Does the parameter type of the setter match the return type of the getter?
	at org.springframework.beans.BeanWrapperImpl.setPropertyValue(BeanWrapperImpl.java:1064)
	at org.springframework.beans.BeanWrapperImpl.setPropertyValue(BeanWrapperImpl.java:924)
	at org.springframework.beans.AbstractPropertyAccessor.setPropertyValues(AbstractPropertyAccessor.java:76)
	at org.springframework.beans.AbstractPropertyAccessor.setPropertyValues(AbstractPropertyAccessor.java:58)
	at org.springframework.beans.factory.support.AbstractAutowireCapableBeanFactory.applyPropertyValues(AbstractAutowireCapableBeanFactory.java:1393)
	... 11 more
[INFO] [Launcher:/admin] org.springframework.jdbc.datasource.DriverManagerDataSource - Loaded JDBC driver: org.h2.Driver
[INFO] [Launcher:/] org.red5.server.scope.WebScope - Set server [Server@2f5a7da4map['/avalon' -> 'default', '/live' -> 'default']]
[INFO] [Launcher:/] org.red5.server.Server - Add mapping global: default host:  context: 
[WARN] [Launcher:/] org.red5.server.scope.Scope - Invalid scope was not added: [WebScope@480101a7 Depth = 1, Path = '/default', Name = '']
[INFO] [Launcher:/installer] org.red5.server.scope.WebScope - Set server [Server@2f5a7da4map['/avalon' -> 'default', '/' -> 'default', '/live' -> 'default']]
[INFO] [Launcher:/installer] org.red5.server.Server - Add mapping global: default host: localhost context: installer
[INFO] [Launcher:/installer] org.red5.server.Server - Add mapping global: default host: localhost:5080 context: installer
[INFO] [Launcher:/installer] org.red5.server.service.Installer - Installer service created
[INFO] [Launcher:/oflaDemo] org.red5.server.scope.WebScope - Set server [Server@2f5a7da4map['/avalon' -> 'default', '/' -> 'default', 'localhost:5080/installer' -> 'default', 'localhost/installer' -> 'default', '/live' -> 'default']]
[INFO] [Launcher:/oflaDemo] org.red5.server.Server - Add mapping global: default host:  context: oflaDemo
[INFO] [Launcher:/oflaDemo] org.red5.server.Server - Add mapping global: default host: localhost context: oflaDemo
[INFO] [Launcher:/oflaDemo] org.red5.server.Server - Add mapping global: default host: localhost:8088 context: oflaDemo
[INFO] [Launcher:/oflaDemo] org.red5.server.Server - Add mapping global: default host: 127.0.0.1:8088 context: oflaDemo
[INFO] [Launcher:/oflaDemo] org.red5.demos.oflaDemo.Application - oflaDemo appStart
oflaDemo appStart
[INFO] [Launcher:/vod] org.red5.server.scope.WebScope - Set server [Server@2f5a7da4map['/avalon' -> 'default', '127.0.0.1:8088/oflaDemo' -> 'default', '/' -> 'default', 'localhost:5080/installer' -> 'default', 'localhost/installer' -> 'default', '/live' -> 'default', '/oflaDemo' -> 'default', 'localhost:8088/oflaDemo' -> 'default', 'localhost/oflaDemo' -> 'default']]
[INFO] [Launcher:/vod] org.red5.server.Server - Add mapping global: default host:  context: vod
[INFO] [Launcher:/admin] org.red5.server.Context - Setting parent bean factory as core
[INFO] [Launcher:/admin] org.red5.server.scope.WebScope - Set server [Server@2f5a7da4map['/vod' -> 'default', '/avalon' -> 'default', '127.0.0.1:8088/oflaDemo' -> 'default', '/' -> 'default', 'localhost:5080/installer' -> 'default', 'localhost/installer' -> 'default', '/live' -> 'default', '/oflaDemo' -> 'default', 'localhost:8088/oflaDemo' -> 'default', 'localhost/oflaDemo' -> 'default']]
[INFO] [Launcher:/admin] org.red5.server.Server - Add mapping global: default host:  context: admin
[INFO] [NioProcessor-3] org.red5.server.net.rtmp.codec.RTMPProtocolDecoder - Action connect
[INFO] [NioProcessor-3] org.red5.server.net.rtmp.RTMPConnection - Setting object encoding to AMF3
[INFO] [NioProcessor-3] org.red5.server.net.rtmp.RTMPHandler - Connecting to: [WebScope@6833a9e9 Depth = 1, Path = '/default', Name = 'avalon']
[INFO] [NioProcessor-3] org.red5.server.adapter.ApplicationAdapter - W3C x-category:session x-event:connect c-ip:0:0:0:0:0:0:0:1 c-client-id:0
[WARN] [Red5_Scheduler_Worker-1] org.red5.server.net.rtmp.RTMPConnection - Closing RTMPMinaConnection from 0:0:0:0:0:0:0:1 : 59885 to localhost (in: 3576 out: 3258), with id 1 due to long handshake
